--- Session Started at 20260516_233345 ---

[ACTION] > Starting FSM with input: 'I’ve been feeling awful since yesterday. '
[ACTION] 
[🔄 STATE: TRIAGE] Initiating medical triage process...
[ACTION] > [Thought] Analyzing patient input for sufficient medical context...
[ACTION] > [Reasoning] Insufficient info detected. Current known symptoms: (feeling awful)
[ACTION] > [Action] Asking follow-up question to gather more details.
[OUTPUT] Could you describe your specific symptoms and where you are feeling them?
[ACTION] > [Status] Generation complete.
[ACTION] 
[🔄 STATE: IDLE] Waiting for patient response.
[ACTION] > Starting FSM with input: 'I have a sudden high fever, severe chills, and my muscles are aching so badly I can barely get out of bed. I just got back from a work trip overseas last week.'
[ACTION] 
[🔄 STATE: TRIAGE] Initiating medical triage process...
[ACTION] > [Thought] Analyzing patient input for sufficient medical context...
[ACTION] > [Reasoning] Sufficient medical info confirmed. We can proceed with diagnosis.
[ACTION] 
[🔄 STATE: SEARCH_KIWIX] Initiating offline medical database search...
[ACTION] > [Thought] Generating search keywords based on dialogue history...
[ACTION] > [Reasoning] Generated keywords: recent overseas travel, high fever, myalgia, chills
[ACTION] > [Action] Checking Kiwix server heartbeat at http://192.168.8.152:8080...
[ACTION] > [Action] Querying Kiwix-serve for keyword: 'recent overseas travel'...
[ACTION] > [Success] Found 25 relevant articles for 'recent overseas travel'.
[ACTION] > [Thought] Extracting full text from relevant Kiwix articles...
[SOURCE] 📄 Source 1: [link=http://192.168.8.152:8080/http://192.168.8.152:8080/content/fb7d092d-a93a-9689-8d81-510a610e0110/Medical_tourism]Medical tourism[/link]
   Match: "...in recent years it may equally refer to those from developed countries who travel to developing c..."

[SOURCE] 📄 Source 2: [link=http://192.168.8.152:8080/http://192.168.8.152:8080/content/fb7d092d-a93a-9689-8d81-510a610e0110/2022%E2%80%932023_mpox_outbreak_in_North_America]2022–2023 mpox outbreak in North America[/link]
   Match: "...travel alert at "Level 2", following reports of cases in Australia and several countries in Europ..."

[SOURCE] 📄 Source 3: [link=http://192.168.8.152:8080/http://192.168.8.152:8080/content/fb7d092d-a93a-9689-8d81-510a610e0110/Preventable_(book)]Preventable (book)[/link]
   Match: "...recent COVID-19 pandemic memoirs.[2] Sridhar's predictions are described as "prescient" and her a..."

[ACTION] > [Status] Full text successfully retrieved.
[ACTION] 
[🔄 STATE: REASONING] Proceeding to final medical reasoning...
[ACTION] > [Thought] Reading context & formulating final response...
[ACTION]   [████████████░░░░] Prompting Gemma-4-26b-MoE-4bit...
[OUTPUT] I am an AI assistant, not a doctor. Please seek professional medical help immediately, especially given the severity of your symptoms and your recent international travel.

Based on the provided medical references:

*   The text **"2022–2023 mpox outbreak in North America"** notes that mpox is an infectious viral disease that can present with fever, as well as a rash that forms blisters and then crusts over. 
*   The book **"Preventable"** discusses the COVID-19 pandemic, which is another infectious viral concern.

Because your symptoms include a high fever and you have recently traveled overseas, it is important to consult a healthcare professional to determine the cause of your illness.
[ACTION] > [Status] Diagnosis generation complete.
[ACTION] 
[🔄 STATE: IDLE] Waiting for next input.
