--- Session Started at 20260516_232818 ---

[ACTION] > Starting FSM with input: ' I’ve been feeling awful since yesterday. '
[ACTION] > Analyzing patient input...
[ACTION] > Extracting keywords:
  (none explicit)
[ACTION] > Insufficient info. Asking follow-up question.
[OUTPUT] Could you describe the specific symptoms you are experiencing and where you are feeling them?
[ACTION] > Generation complete.
[ACTION] > Starting FSM with input: 'I have a sudden high fever, severe chills, and my muscles are aching so badly I can barely get out of bed. I just got back from a work trip overseas last week.'
[ACTION] > Analyzing patient input...
[ACTION] > Sufficient medical info confirmed.
[ACTION] > Querying Kiwix-serve for keyword: 'high fever'...
[ACTION] > Found 25 relevant articles for 'high fever'.
[SOURCE] 📄 Source 1: [link=http://192.168.8.152:8080/http://192.168.8.152:8080/content/fb7d092d-a93a-9689-8d81-510a610e0110/Rheumatic_fever]Rheumatic fever[/link]
   Match: "...fever Not to be confused with rheumatoid arthritis. Rheumatic fever Other names Acute rheumatic f..."

[SOURCE] 📄 Source 2: [link=http://192.168.8.152:8080/http://192.168.8.152:8080/content/fb7d092d-a93a-9689-8d81-510a610e0110/Lassa_fever]Lassa fever[/link]
   Match: "...fever Lassa fever Other names Lassa hemorrhagic fever Community education material for Lassa feve..."

[SOURCE] 📄 Source 3: [link=http://192.168.8.152:8080/http://192.168.8.152:8080/content/fb7d092d-a93a-9689-8d81-510a610e0110/2019%E2%80%932020_dengue_fever_epidemic]2019–2020 dengue fever epidemic[/link]
   Match: "...dengue fever epidemic Number of confirmed cases by country:   1,000,000+ cases   100,000–999,999 ..."

[ACTION] > Full text retrieved. Moving to Reasoning.
[ACTION] > Reading context & reasoning...
  [████████████░░░░] Processing Context
[OUTPUT] I am an AI, and you should seek professional medical help immediately.

Based on the medical references provided, your symptoms and recent travel may be relevant to several conditions:

*   **Lassa fever:** This can include symptoms such as fever, tiredness, and weakness, with an onset typically occurring 7 to 21 days after exposure (Source: Lassa fever).
*   **Rheumatic fever:** This condition can involve fever and painful joints, usually developing two to four weeks after a throat infection (Source: Rheumatic fever).
*   **Dengue fever:** While specific symptoms for dengue are not detailed in the text, a significant epidemic of this disease occurred in several Southeast Asian countries, including Malaysia, Vietnam, and Thailand (Source: 2019–2020 dengue fever epidemic).

Because you are experiencing severe muscle aches and fever following overseas travel, please consult a healthcare professional right away for an accurate diagnosis and treatment.
[ACTION] > Generation complete.
