--- Session Started at 20260516_191418 ---

[ACTION] > Starting FSM with input: 'I have got vomiting, diarrhoea, rash, hepatic and renal dysfunction.'
[ACTION] > Analyzing patient input...
[ACTION] > Extracting keywords:
  (vomiting, diarrhoea, rash, hepatic dysfunction, renal dysfunction)
[ACTION] > Insufficient info. Asking follow-up question.
[OUTPUT] When did these symptoms first begin, and have you recently started any new medications?
[ACTION] > Generation complete.
[ACTION] > Starting FSM with input: 'I did visit a local clinic out there to drop off some community supplies, and one of the staff members looked incredibly sick. Today, the diarrhea started. It's completely watery, and I've already had to go three times in the last two hours. I can barely make it to the bathroom.'
[ACTION] > Analyzing patient input...
[ACTION] > Sufficient medical info confirmed.
[ACTION] > Querying Kiwix-serve for keyword: 'hepatic dysfunction'...
[ACTION] > Found 25 relevant articles for 'hepatic dysfunction'.
[SOURCE] 📄 Source 1: [link=http://192.168.8.152:8080/http://192.168.8.152:8080/content/fb7d092d-a93a-9689-8d81-510a610e0110/Sphincter_of_Oddi_dysfunction]Sphincter of Oddi dysfunction[/link]
   Match: "...Biliary dyskinesia Sphincter of Oddi dysfunction Pancreatic Pancreatitis Acute Chronic Hereditary..."

[SOURCE] 📄 Source 2: [link=http://192.168.8.152:8080/http://192.168.8.152:8080/content/fb7d092d-a93a-9689-8d81-510a610e0110/Metabolic_dysfunction%E2%80%93associated_steatotic_liver_disease]Metabolic dysfunction–associated steatotic liver disease[/link]
   Match: "...fistula Other Hernia Diaphragmatic Congenital Hiatus Inguinal Indirect Direct Umbilical Paraumbil..."

[SOURCE] 📄 Source 3: [link=http://192.168.8.152:8080/http://192.168.8.152:8080/content/fb7d092d-a93a-9689-8d81-510a610e0110/Fatty_liver_disease]Fatty liver disease[/link]
   Match: "...Alcohol in the Bible Islam and alcohol Words of Wisdom (LDS) History Beer Street and Gin Lane Bra..."

[ACTION] > Full text retrieved. Moving to Reasoning.
[ACTION] > Reading context & reasoning...
  [████████████░░░░] Processing Context
[OUTPUT] I am sorry to hear you are feeling unwell. 

Based on the medical reference texts provided, there is no information regarding the symptoms, causes, or treatment of acute watery diarrhea. The provided references focus on **Sphincter of Oddi dysfunction**, **Metabolic dysfunction–associated steatotic liver disease (MASLD)**, and **Fatty liver disease**, which discuss symptoms such as fatigue, malaise, or abdominal discomfort related to the liver and gallbladder, but do not mention diarrhea.

**Disclaimer: I am an AI and you should seek professional medical help immediately, as frequent, watery diarrhea can quickly lead to dehydration.**
[ACTION] > Generation complete.
